<?xml version="1.0" encoding="UTF-8"?>
<testsuite xmlns:xsi="http://www.w3.org/2001/XMLSchema-instance" xsi:noNamespaceSchemaLocation="https://maven.apache.org/surefire/maven-surefire-plugin/xsd/surefire-test-report-3.0.xsd" version="3.0" name="org.javahispano.tutorial_maven.AppTest" time="0.228" tests="18" errors="0" skipped="0" failures="0">
  <properties>
    <property name="java.specification.version" value="17"/>
    <property name="sun.cpu.isalist" value="amd64"/>
    <property name="sun.jnu.encoding" value="Cp1252"/>
    <property name="java.class.path" value="C:\Users\Usuario\eclipse-workspace\tutorial_maven\target\test-classes;C:\Users\Usuario\eclipse-workspace\tutorial_maven\target\classes;C:\Users\Usuario\.m2\repository\junit\junit\4.13\junit-4.13.jar;C:\Users\Usuario\.m2\repository\org\hamcrest\hamcrest-core\1.3\hamcrest-core-1.3.jar;C:\Users\Usuario\.m2\repository\org\mockito\mockito-core\3.12.4\mockito-core-3.12.4.jar;C:\Users\Usuario\.m2\repository\net\bytebuddy\byte-buddy\1.11.13\byte-buddy-1.11.13.jar;C:\Users\Usuario\.m2\repository\net\bytebuddy\byte-buddy-agent\1.11.13\byte-buddy-agent-1.11.13.jar;C:\Users\Usuario\.m2\repository\org\objenesis\objenesis\3.2\objenesis-3.2.jar;"/>
    <property name="java.vm.vendor" value="Oracle Corporation"/>
    <property name="sun.arch.data.model" value="64"/>
    <property name="user.variant" value=""/>
    <property name="java.vendor.url" value="https://java.oracle.com/"/>
    <property name="user.timezone" value="Europe/Madrid"/>
    <property name="os.name" value="Windows 10"/>
    <property name="java.vm.specification.version" value="17"/>
    <property name="sun.java.launcher" value="SUN_STANDARD"/>
    <property name="user.country" value="ES"/>
    <property name="sun.boot.library.path" value="C:\Program Files\Java\jdk-17\bin"/>
    <property name="sun.java.command" value="C:\Users\Usuario\AppData\Local\Temp\surefire2331270624228021592\surefirebooter-20231221114601757_3.jar C:\Users\Usuario\AppData\Local\Temp\surefire2331270624228021592 2023-12-21T11-46-01_407-jvmRun1 surefire-20231221114601757_1tmp surefire_0-20231221114601757_2tmp"/>
    <property name="jdk.debug" value="release"/>
    <property name="surefire.test.class.path" value="C:\Users\Usuario\eclipse-workspace\tutorial_maven\target\test-classes;C:\Users\Usuario\eclipse-workspace\tutorial_maven\target\classes;C:\Users\Usuario\.m2\repository\junit\junit\4.13\junit-4.13.jar;C:\Users\Usuario\.m2\repository\org\hamcrest\hamcrest-core\1.3\hamcrest-core-1.3.jar;C:\Users\Usuario\.m2\repository\org\mockito\mockito-core\3.12.4\mockito-core-3.12.4.jar;C:\Users\Usuario\.m2\repository\net\bytebuddy\byte-buddy\1.11.13\byte-buddy-1.11.13.jar;C:\Users\Usuario\.m2\repository\net\bytebuddy\byte-buddy-agent\1.11.13\byte-buddy-agent-1.11.13.jar;C:\Users\Usuario\.m2\repository\org\objenesis\objenesis\3.2\objenesis-3.2.jar;"/>
    <property name="sun.cpu.endian" value="little"/>
    <property name="user.home" value="C:\Users\Usuario"/>
    <property name="user.language" value="es"/>
    <property name="java.specification.vendor" value="Oracle Corporation"/>
    <property name="java.version.date" value="2023-10-17"/>
    <property name="java.home" value="C:\Program Files\Java\jdk-17"/>
    <property name="file.separator" value="\"/>
    <property name="basedir" value="C:\Users\Usuario\eclipse-workspace\tutorial_maven"/>
    <property name="java.vm.compressedOopsMode" value="Zero based"/>
    <property name="line.separator" value="&#10;"/>
    <property name="java.vm.specification.vendor" value="Oracle Corporation"/>
    <property name="java.specification.name" value="Java Platform API Specification"/>
    <property name="surefire.real.class.path" value="C:\Users\Usuario\AppData\Local\Temp\surefire2331270624228021592\surefirebooter-20231221114601757_3.jar"/>
    <property name="user.script" value=""/>
    <property name="sun.management.compiler" value="HotSpot 64-Bit Tiered Compilers"/>
    <property name="java.runtime.version" value="17.0.9+11-LTS-201"/>
    <property name="user.name" value="Usuario"/>
    <property name="path.separator" value=";"/>
    <property name="os.version" value="10.0"/>
    <property name="java.runtime.name" value="Java(TM) SE Runtime Environment"/>
    <property name="file.encoding" value="Cp1252"/>
    <property name="java.vm.name" value="Java HotSpot(TM) 64-Bit Server VM"/>
    <property name="localRepository" value="C:\Users\Usuario\.m2\repository"/>
    <property name="java.vendor.url.bug" value="https://bugreport.java.com/bugreport/"/>
    <property name="java.io.tmpdir" value="C:\Users\Usuario\AppData\Local\Temp\"/>
    <property name="java.version" value="17.0.9"/>
    <property name="user.dir" value="C:\Users\Usuario\eclipse-workspace\tutorial_maven"/>
    <property name="os.arch" value="amd64"/>
    <property name="java.vm.specification.name" value="Java Virtual Machine Specification"/>
    <property name="sun.os.patch.level" value=""/>
    <property name="native.encoding" value="Cp1252"/>
    <property name="java.library.path" value="C:\Program Files\Java\jdk-17\bin;C:\Windows\Sun\Java\bin;C:\Windows\system32;C:\Windows;C:/Users/Usuario/.p2/pool/plugins/org.eclipse.justj.openjdk.hotspot.jre.full.win32.x86_64_17.0.5.v20221102-0933/jre/bin/server;C:/Users/Usuario/.p2/pool/plugins/org.eclipse.justj.openjdk.hotspot.jre.full.win32.x86_64_17.0.5.v20221102-0933/jre/bin;C:\Program Files\Common Files\Oracle\Java\javapath;C:\Windows\system32;C:\Windows;C:\Windows\System32\Wbem;C:\Windows\System32\WindowsPowerShell\v1.0\;C:\Windows\System32\OpenSSH\;C:\Program Files\dotnet\;C:\Program Files\Git\cmd;C:\Program Files\Java\jdk-17\bin;C:\Program Files\Java\apache-maven-3.9.6\bin;C:\Users\Usuario\AppData\Local\Microsoft\WindowsApps;C:\Users\Usuario\.dotnet\tools;C:\Users\Usuario\Microsoft VS Code\bin;C:\Users\Usuario\AppData\Local\GitHubDesktop\bin;C:\Windows\System32;;."/>
    <property name="java.vm.info" value="mixed mode, sharing"/>
    <property name="java.vendor" value="Oracle Corporation"/>
    <property name="java.vm.version" value="17.0.9+11-LTS-201"/>
    <property name="sun.io.unicode.encoding" value="UnicodeLittle"/>
    <property name="java.class.version" value="61.0"/>
  </properties>
  <testcase name="testComprobarDoublePositivo_masa_grande" classname="org.javahispano.tutorial_maven.AppTest" time="0.013"/>
  <testcase name="testCalcularFuerzaGravitatoria" classname="org.javahispano.tutorial_maven.AppTest" time="0.0"/>
  <testcase name="testComprobarDoublePositivo_masaPositiva" classname="org.javahispano.tutorial_maven.AppTest" time="0.0"/>
  <testcase name="testComprobarDoublePositivo_masaNegativa" classname="org.javahispano.tutorial_maven.AppTest" time="0.01"/>
  <testcase name="testComprobarDoublePositivo_distancia_grande" classname="org.javahispano.tutorial_maven.AppTest" time="0.0"/>
  <testcase name="testComprobarDoublePositivo_masa_VPesada1" classname="org.javahispano.tutorial_maven.AppTest" time="0.0"/>
  <testcase name="testComprobarDoublePositivo_masa_VPesada2" classname="org.javahispano.tutorial_maven.AppTest" time="0.0"/>
  <testcase name="testComprobarDoublePositivo_masa_VPesada3" classname="org.javahispano.tutorial_maven.AppTest" time="0.01"/>
  <testcase name="testComprobarDoublePositivo_masa_VPesada4" classname="org.javahispano.tutorial_maven.AppTest" time="0.0"/>
  <testcase name="testMostrarMensaje" classname="org.javahispano.tutorial_maven.AppTest" time="0.007">
    <system-out><![CDATA[Prueba
]]></system-out>
  </testcase>
  <testcase name="testComprobarDoublePositivo_distancia_VLigera" classname="org.javahispano.tutorial_maven.AppTest" time="0.001"/>
  <testcase name="testComprobarDoublePositivo_distancia_VPesada1" classname="org.javahispano.tutorial_maven.AppTest" time="0.0"/>
  <testcase name="testComprobarDoublePositivo_distancia_VPesada2" classname="org.javahispano.tutorial_maven.AppTest" time="0.0"/>
  <testcase name="testComprobarDoublePositivo_distancia_VPesada3" classname="org.javahispano.tutorial_maven.AppTest" time="0.0"/>
  <testcase name="testComprobarDoublePositivo_distancia_VPesada4" classname="org.javahispano.tutorial_maven.AppTest" time="0.0"/>
  <testcase name="testComprobarDoublePositivo_masa_VLigera" classname="org.javahispano.tutorial_maven.AppTest" time="0.0"/>
  <testcase name="testComprobarDoublePositivo_distanciaPositiva" classname="org.javahispano.tutorial_maven.AppTest" time="0.0"/>
  <testcase name="testComprobarDoublePositivo_distanciaNegativa" classname="org.javahispano.tutorial_maven.AppTest" time="0.002"/>
</testsuite>